<?xml version="1.0" encoding="UTF-8"?>
<!-- Generated by org.testng.reporters.JUnitXMLReporter -->
<testsuite hostname="Bob" name="PHP Collab" tests="2" failures="1" timestamp="15 Dec 2017 19:25:03 GMT" time="16.006" errors="0">
  <testcase name="CreateUser" time="3.213" classname="SeleniumTraining.PHP.PhPCollabTest">
    <failure type="java.lang.AssertionError" message="expected [true] but found [false]">
      <![CDATA[java.lang.AssertionError: expected [true] but found [false]
	at SeleniumTraining.PHP.PhPCollabTest.CreateUser(PhPCollabTest.java:82)
	at java.util.concurrent.FutureTask.run(FutureTask.java:266)
	at java.util.concurrent.ThreadPoolExecutor.runWorker(ThreadPoolExecutor.java:1149)
	at java.util.concurrent.ThreadPoolExecutor$Worker.run(ThreadPoolExecutor.java:624)
	at java.lang.Thread.run(Thread.java:748)
... Removed 20 stack frames]]>
    </failure>
  </testcase> <!-- CreateUser -->
  <testcase name="CreateProject" time="0.0" classname="SeleniumTraining.PHP.PhPCollabTest">
    <skipped/>
  </testcase> <!-- CreateProject -->
</testsuite> <!-- PHP Collab -->
