-------------------------------------------------------------------------------
Test set: TestSuite
-------------------------------------------------------------------------------
Tests run: 2, Failures: 1, Errors: 0, Skipped: 1, Time elapsed: 14.194 s <<< FAILURE! - in TestSuite
CreateUser(SeleniumTraining.PHP.PhPCollabTest)  Time elapsed: 2.111 s  <<< FAILURE!
java.lang.AssertionError: expected [true] but found [false]
	at SeleniumTraining.PHP.PhPCollabTest.CreateUser(PhPCollabTest.java:82)

